[setup] generating synthetic Gaussian data: m=250000, d=128, max_n=2000
[setup] skipping exact ground truth
[setup] building d=128 IVF indices ...

=== n=100 ===
  BF-FP32                 24.69 ms    0.2469 ms/query  recall=n/a
  BF-FP16                 26.03 ms    0.2603 ms/query  recall=n/a
  BF-INT8                  6.66 ms    0.0666 ms/query  recall=n/a
  BF-GEMM                 29.38 ms    0.2938 ms/query  recall=n/a
  IVF1(C=64,p=16)          8.76 ms    0.0876 ms/query  recall=n/a
  IVF-INT8(C=128,p=8)      2.20 ms    0.0220 ms/query  recall=n/a

=== n=300 ===
  BF-FP32                 72.26 ms    0.2409 ms/query  recall=n/a
  BF-FP16                 73.78 ms    0.2459 ms/query  recall=n/a
  BF-INT8                 18.10 ms    0.0603 ms/query  recall=n/a
  BF-GEMM                 59.84 ms    0.1995 ms/query  recall=n/a
  IVF1(C=64,p=16)         28.38 ms    0.0946 ms/query  recall=n/a
  IVF-INT8(C=128,p=8)      3.36 ms    0.0112 ms/query  recall=n/a

=== n=1000 ===
  BF-FP32                308.83 ms    0.3088 ms/query  recall=n/a
  BF-FP16                265.89 ms    0.2659 ms/query  recall=n/a
  BF-INT8                 61.19 ms    0.0612 ms/query  recall=n/a
  BF-GEMM                135.11 ms    0.1351 ms/query  recall=n/a
  IVF1(C=64,p=16)        106.74 ms    0.1067 ms/query  recall=n/a
  IVF-INT8(C=128,p=8)      7.62 ms    0.0076 ms/query  recall=n/a

=== n=2000 ===
  BF-FP32                615.29 ms    0.3076 ms/query  recall=n/a
  BF-FP16                530.06 ms    0.2650 ms/query  recall=n/a
  BF-INT8                116.69 ms    0.0583 ms/query  recall=n/a
  BF-GEMM                258.53 ms    0.1293 ms/query  recall=n/a
  IVF1(C=64,p=16)        209.22 ms    0.1046 ms/query  recall=n/a
  IVF-INT8(C=128,p=8)     13.29 ms    0.0066 ms/query  recall=n/a
Results saved to /workspace/gpu_algo/runs/n_sweep_d128_v3.json
