================================================================================
  ANN Exploration  |  m=250,000  d=128  n=1000  k=10
  X (FP32):128.0 MB  (FP16):64.0 MB  (INT8):32.0 MB  |  L2=96 MB → X DOES NOT FIT in L2
================================================================================

  Measured effective BW (16 MB L2 array): 1769 GB/s

  Computing ground truth ...
  JIT warm-up ...

  ── Benchmarks ──────────────────────────────────────────────────
  BF-FP32                   319.72 ms   recall=1.0000
  BF-FP16                   268.27 ms   recall=0.9991
  BF-INT8                    61.19 ms   recall=0.9610
  BF-GEMM running (tiled cuBLAS) ...
  BF-GEMM                    86.53 ms   recall=1.0000

  LSH skipped (--no-lsh)

  ── IVF1 (1 block/query, sequential cluster scan) ────────────────────
  IVF1(C=64,p=4)             28.20 ms   recall=0.2347
  IVF1(C=64,p=8)             55.74 ms   recall=0.3803
  IVF1(C=64,p=16)           106.60 ms   recall=0.5929
  IVF1(C=128,p=4)            15.64 ms   recall=0.1594
  IVF1(C=128,p=8)            29.38 ms   recall=0.2560
