================================================================================
  ANN Exploration  |  m=500,000  d=8  n=1000  k=10
  X (FP32):16.0 MB  (FP16):8.0 MB  (INT8):4.0 MB  |  L2=96 MB → X FITS in L2
================================================================================

  Measured effective BW (16 MB L2 array): 1685 GB/s

  Computing ground truth ...
  JIT warm-up ...

  ── Benchmarks ──────────────────────────────────────────────────
  BF-FP32                    27.15 ms   recall=1.0000
  BF-FP16                    14.89 ms   recall=0.9987
  BF-INT8                     7.52 ms   recall=0.9340
  BF-GEMM running (tiled cuBLAS) ...
  BF-GEMM                   499.66 ms   recall=1.0000

  LSH skipped (--no-lsh)

  ── IVF1 (1 block/query, sequential cluster scan) ────────────────────
  IVF1(C=64,p=4)              1.11 ms   recall=0.9578
  IVF1(C=64,p=8)              4.52 ms   recall=0.9969
  IVF1(C=64,p=16)             7.63 ms   recall=1.0000
  IVF1(C=128,p=4)             1.63 ms   recall=0.9281
  IVF1(C=128,p=8)             2.56 ms   recall=0.9923
  IVF1(C=128,p=16)            1.86 ms   recall=0.9998
  IVF1(C=256,p=8)             0.89 ms   recall=0.9814
  IVF1(C=256,p=16)            1.36 ms   recall=0.9994

  ── IVF2 (1 block/(query,cluster), parallel) ────────────────────────
  IVF2(C=64,p=8)              3.65 ms   recall=0.9969
  IVF2(C=128,p=8)             2.44 ms   recall=0.9923
  IVF2(C=256,p=8)             1.71 ms   recall=0.9814
  IVF2(C=128,p=16)            4.63 ms   recall=0.9998
  IVF2(C=256,p=16)            3.20 ms   recall=0.9994

  ── IVF-INT8 (DP4A distances, 4× less traffic) ────────────────────
  IVF-INT8(C=64,p=8)          2.25 ms   recall=0.9320
  IVF-INT8(C=64,p=16)         1.24 ms   recall=0.9341
  IVF-INT8(C=128,p=8)         0.68 ms   recall=0.9295
  IVF-INT8(C=128,p=16)        0.92 ms   recall=0.9341
  IVF-INT8(C=256,p=16)        1.90 ms   recall=0.9338

  PQ / IVF-PQ skipped (--skip-pq)

─────────────────────────────────────────────────────────────────────────────────────
  algorithm                     ms   recall   X-data   L2-traffic     AI  note
  ────────────────────────────────────────────────────────────────────────────────
  BF-FP32                    27.15   1.0000   16.0MB      16.0 GB   0.50 F/B
  BF-FP16                    14.89   0.9987    8.0MB       8.0 GB   1.00 F/B
  BF-INT8                     7.52   0.9340    4.0MB       4.0 GB   2.00 F/B
  BF-GEMM                   499.66   1.0000   16.0MB        tiled      ? F/B
  IVF1(C=64,p=4)              1.11   0.9578    1.0MB       1.0 GB   8.00 F/B
  IVF1(C=64,p=8)              4.52   0.9969    2.0MB       2.0 GB   4.00 F/B
  IVF1(C=64,p=16)             7.63   1.0000    4.0MB       4.0 GB   2.00 F/B
  IVF1(C=128,p=4)             1.63   0.9281    0.5MB       0.5 GB  16.00 F/B
  IVF1(C=128,p=8)             2.56   0.9923    1.0MB       1.0 GB   8.00 F/B
  IVF1(C=128,p=16)            1.86   0.9998    2.0MB       2.0 GB   4.00 F/B
  IVF1(C=256,p=8)             0.89   0.9814    0.5MB       0.5 GB  16.00 F/B
  IVF1(C=256,p=16)            1.36   0.9994    1.0MB       1.0 GB   8.00 F/B
  IVF2(C=64,p=8)              3.65   0.9969    2.0MB       2.0 GB   4.00 F/B
  IVF2(C=128,p=8)             2.44   0.9923    1.0MB       1.0 GB   8.00 F/B
  IVF2(C=256,p=8)             1.71   0.9814    0.5MB       0.5 GB  16.00 F/B
  IVF2(C=128,p=16)            4.63   0.9998    2.0MB       2.0 GB   4.00 F/B
  IVF2(C=256,p=16)            3.20   0.9994    1.0MB       1.0 GB   8.00 F/B
  IVF-INT8(C=64,p=8)          2.25   0.9320    0.5MB       0.5 GB  16.00 F/B
  IVF-INT8(C=64,p=16)         1.24   0.9341    1.0MB       1.0 GB   8.00 F/B
  IVF-INT8(C=128,p=8)         0.68   0.9295    0.2MB       0.2 GB  32.00 F/B
  IVF-INT8(C=128,p=16)        0.92   0.9341    0.5MB       0.5 GB  16.00 F/B
  IVF-INT8(C=256,p=16)        1.90   0.9338    0.2MB       0.2 GB  32.00 F/B

===============================================================================================
  THEORETICAL AM MODEL  (RTX 5090)
  X=16MB (FP32) | L2=96MB | X FITS in L2
  L2 BW (theoretical): 10,000 GB/s  |  L2 BW (measured): 1685 GB/s  |  HBM: 1,792 GB/s
  FP32 peak: 104.8 TFLOP/s   |  X_pq (M=2): 1.0 MB  ← fits in L2!
  Ridge (L2→compute): 10.5 F/B  |  Ridge (HBM→compute): 58.5 F/B

  algorithm                      AI  traffic  pred(theo)  pred(meas)    actual   eff%  bound
  ──────────────────────────────────────────────────────────────────────────────────────────
  BF-FP32                      0.50  16.00GB     1.600ms     9.494ms    27.15ms    35%  L2-MEM
  BF-FP16                      1.00   8.00GB     0.800ms     4.747ms    14.89ms    32%  L2-MEM
  BF-INT8                      2.00   4.00GB     0.400ms     2.374ms     7.52ms    32%  L2-MEM
  BF-PQ                        8.00   1.00GB     0.100ms     0.593ms     n/a       n/a  L2-MEM
  BF-GEMM                      0.40  20.00GB     2.000ms    11.868ms   499.66ms     2%  L2-MEM
  IVF(C=64,p=4)                8.00   1.00GB     0.100ms     0.593ms     1.11ms    53%  L2-MEM
  IVF(C=64,p=8)                4.00   2.00GB     0.200ms     1.187ms     4.52ms    26%  L2-MEM
  IVF(C=64,p=16)               2.00   4.00GB     0.400ms     2.374ms     7.63ms    31%  L2-MEM
  IVF(C=128,p=4)              16.00   0.50GB     0.050ms     0.297ms     1.63ms    18%  COMPUTE
  IVF(C=128,p=8)               8.00   1.00GB     0.100ms     0.593ms     2.56ms    23%  L2-MEM
  IVF(C=128,p=16)              4.00   2.00GB     0.200ms     1.187ms     1.86ms    64%  L2-MEM
  IVF(C=256,p=8)              16.00   0.50GB     0.050ms     0.297ms     0.89ms    33%  COMPUTE
  IVF(C=256,p=16)              8.00   1.00GB     0.100ms     0.593ms     1.36ms    44%  L2-MEM
  IVF-PQ(C=64,p=8)            64.00   0.12GB     0.013ms     0.074ms     n/a       n/a  COMPUTE
  IVF-PQ(C=128,p=8)          128.00   0.06GB     0.006ms     0.037ms     n/a       n/a  COMPUTE
  IVF-PQ(C=256,p=8)          256.00   0.03GB     0.003ms     0.019ms     n/a       n/a  COMPUTE
  IVF-PQ(C=128,p=16)          64.00   0.12GB     0.013ms     0.074ms     n/a       n/a  COMPUTE
  IVF-PQ(C=256,p=16)         128.00   0.06GB     0.006ms     0.037ms     n/a       n/a  COMPUTE

  FITTED TRAFFIC→TIME MODEL  (actual ms ~= overhead + traffic / BW_fit)

  family        pts    overhead     BW_fit     R^2
  ────────────────────────────────────────────────────
  IVF1            8    -0.027ms   551 GB/s   0.842
  IVF2            5     1.152ms   658 GB/s   0.829
  IVF-INT8        5     1.431ms        inf   0.001

  Interpretation:
  Large positive intercept => fixed launch/scheduling/top-k overhead not explained by pure traffic.
  Low fitted BW or low R^2    => the model needs another term (cache miss regime shift, quantization, centroid work, or merge serialization).

  Exported model/benchmark data to /workspace/gpu_algo/runs/synth_d8.json

  Done (d-sweep skipped for non-synthetic run).
